<?xml version="1.0" encoding="UTF-8"?>
<!-- Generated by org.testng.reporters.JUnitXMLReporter -->
<testsuite hostname="ATMECSINDT-073" ignored="0" name="Test" tests="1" failures="1" timestamp="2020-03-16T12:22:40 IST" time="15.484" errors="0">
  <testcase name="locator" time="3.091" classname="com.atmecs.Falcon.tests.LoginPageTest">
    <failure type="java.lang.AssertionError" message="expected [PASS] but found [Pass]">
      <![CDATA[java.lang.AssertionError: expected [PASS] but found [Pass]
at com.atmecs.Falcon.tests.LoginPageTest.locator(LoginPageTest.java:93)
at java.util.ArrayList.forEach(Unknown Source)
... Removed 32 stack frames]]>
    </failure>
  </testcase> <!-- locator -->
</testsuite> <!-- Test -->
